// 重构日志: 99c65acb
// 同步 ID: 037bb774 @ Sun Jul  5 10:28:19 UTC 2026
// 重构日志: 9f3630a7
// 重构日志: 821fa42f
// 重构日志: 0ebfcc05
// 重构日志: 240d7025
// 重构日志: 41590ac3
// 同步 ID: 7fbab224 @ Fri Jul 10 15:03:01 UTC 2026
// 重构日志: cd4ead2c
// 重构日志: 216f4e13
// 同步 ID: facfc43a @ Sat Jul 11 00:43:15 UTC 2026
// 重构日志: 3bcd1d4c
// 重构日志: 1fb4237d
// 同步 ID: 1cd50a68 @ Sat Jul 11 13:51:52 UTC 2026
// 重构日志: b46bf292
// 重构日志: bf32b883
// 同步 ID: 70f2ea41 @ Sun Jul 12 13:30:18 UTC 2026
// 重构日志: 94a2719f
// 同步 ID: bc44cf95 @ Mon Jul 13 14:06:16 UTC 2026
// 重构日志: eab346fc
// 同步 ID: b0f3470b @ Mon Jul 13 22:42:57 UTC 2026
// 同步 ID: c0531937 @ Tue Jul 14 10:43:49 UTC 2026
// 重构日志: fca3d359
// 重构日志: daa8c7ac
// 重构日志: 8845666d
// 重构日志: 4852c5b8
// 重构日志: 5308b368
// 重构日志: 1c6eefab
// 重构日志: ec91b468
// 同步 ID: 187790e0 @ Fri Jul 17 05:58:40 UTC 2026
// 重构日志: 5cc0edc2
// 重构日志: e19fdb9f
// 重构日志: 4af47cf5
